# JRE version: Java(TM) SE Runtime Environment (7.0_80-b15) (build 1.7.0_80-b15)
# Java VM: Java HotSpot(TM) 64-Bit Server VM (24.80-b11 mixed mode linux-amd64 compressed oops)
Heap
 PSYoungGen      total 136192K, used 9722K [0x00000000d7280000, 0x00000000e0180000, 0x0000000100000000)
  eden space 126464K, 0% used [0x00000000d7280000,0x00000000d7280000,0x00000000dee00000)
  from space 9728K, 99% used [0x00000000dee00000,0x00000000df77e8b8,0x00000000df780000)
  to   space 9216K, 0% used [0x00000000df780000,0x00000000df780000,0x00000000e0080000)
 ParOldGen       total 83456K, used 17708K [0x0000000085800000, 0x000000008a980000, 0x00000000d7280000)
  object space 83456K, 21% used [0x0000000085800000,0x000000008694b190,0x000000008a980000)
 PSPermGen       total 32256K, used 31906K [0x0000000080600000, 0x0000000082580000, 0x0000000085800000)
  object space 32256K, 98% used [0x0000000080600000,0x0000000082528bd0,0x0000000082580000)
GC Heap History (10 events):
Event: 1.563 GC heap after
Heap after GC invocations=2 (full 0):
 PSYoungGen      total 36864K, used 5104K [0x00000000d7280000, 0x00000000dba80000, 0x0000000100000000)
  eden space 31744K, 0% used [0x00000000d7280000,0x00000000d7280000,0x00000000d9180000)
  from space 5120K, 99% used [0x00000000d9680000,0x00000000d9b7c040,0x00000000d9b80000)
  to   space 5120K, 0% used [0x00000000d9180000,0x00000000d9180000,0x00000000d9680000)
 ParOldGen       total 83456K, used 4496K [0x0000000085800000, 0x000000008a980000, 0x00000000d7280000)
  object space 83456K, 5% used [0x0000000085800000,0x0000000085c64358,0x000000008a980000)
 PSPermGen       total 21504K, used 12145K [0x0000000080600000, 0x0000000081b00000, 0x0000000085800000)
  object space 21504K, 56% used [0x0000000080600000,0x00000000811dc448,0x0000000081b00000)
}
Event: 1.893 GC heap before
{Heap before GC invocations=3 (full 0):
 PSYoungGen      total 36864K, used 36848K [0x00000000d7280000, 0x00000000dba80000, 0x0000000100000000)
  eden space 31744K, 100% used [0x00000000d7280000,0x00000000d9180000,0x00000000d9180000)
  from space 5120K, 99% used [0x00000000d9680000,0x00000000d9b7c040,0x00000000d9b80000)
  to   space 5120K, 0% used [0x00000000d9180000,0x00000000d9180000,0x00000000d9680000)
 ParOldGen       total 83456K, used 4496K [0x0000000085800000, 0x000000008a980000, 0x00000000d7280000)
  object space 83456K, 5% used [0x0000000085800000,0x0000000085c64358,0x000000008a980000)
 PSPermGen       total 21504K, used 15190K [0x0000000080600000, 0x0000000081b00000, 0x0000000085800000)
  object space 21504K, 70% used [0x0000000080600000,0x00000000814d5910,0x0000000081b00000)
Event: 1.902 GC heap after
Heap after GC invocations=3 (full 0):
 PSYoungGen      total 36864K, used 5088K [0x00000000d7280000, 0x00000000dba80000, 0x0000000100000000)
  eden space 31744K, 0% used [0x00000000d7280000,0x00000000d7280000,0x00000000d9180000)
  from space 5120K, 99% used [0x00000000d9180000,0x00000000d9678020,0x00000000d9680000)
  to   space 5120K, 0% used [0x00000000db580000,0x00000000db580000,0x00000000dba80000)
 ParOldGen       total 83456K, used 6727K [0x0000000085800000, 0x000000008a980000, 0x00000000d7280000)
  object space 83456K, 8% used [0x0000000085800000,0x0000000085e91ea0,0x000000008a980000)
 PSPermGen       total 21504K, used 15190K [0x0000000080600000, 0x0000000081b00000, 0x0000000085800000)
  object space 21504K, 70% used [0x0000000080600000,0x00000000814d5910,0x0000000081b00000)
}
Event: 2.501 GC heap before
{Heap before GC invocations=4 (full 0):
 PSYoungGen      total 36864K, used 36832K [0x00000000d7280000, 0x00000000dba80000, 0x0000000100000000)
  eden space 31744K, 100% used [0x00000000d7280000,0x00000000d9180000,0x00000000d9180000)
  from space 5120K, 99% used [0x00000000d9180000,0x00000000d9678020,0x00000000d9680000)
  to   space 5120K, 0% used [0x00000000db580000,0x00000000db580000,0x00000000dba80000)
 ParOldGen       total 83456K, used 6727K [0x0000000085800000, 0x000000008a980000, 0x00000000d7280000)
  object space 83456K, 8% used [0x0000000085800000,0x0000000085e91ea0,0x000000008a980000)
 PSPermGen       total 21504K, used 16036K [0x0000000080600000, 0x0000000081b00000, 0x0000000085800000)
  object space 21504K, 74% used [0x0000000080600000,0x00000000815a9340,0x0000000081b00000)
Event: 2.507 GC heap after
Heap after GC invocations=4 (full 0):
 PSYoungGen      total 68608K, used 5088K [0x00000000d7280000, 0x00000000dba80000, 0x0000000100000000)
  eden space 63488K, 0% used [0x00000000d7280000,0x00000000d7280000,0x00000000db080000)
  from space 5120K, 99% used [0x00000000db580000,0x00000000dba78040,0x00000000dba80000)
  to   space 5120K, 0% used [0x00000000db080000,0x00000000db080000,0x00000000db580000)
 ParOldGen       total 83456K, used 7900K [0x0000000085800000, 0x000000008a980000, 0x00000000d7280000)
  object space 83456K, 9% used [0x0000000085800000,0x0000000085fb7340,0x000000008a980000)
 PSPermGen       total 21504K, used 16036K [0x0000000080600000, 0x0000000081b00000, 0x0000000085800000)
  object space 21504K, 74% used [0x0000000080600000,0x00000000815a9340,0x0000000081b00000)
}
Event: 2.710 GC heap before
{Heap before GC invocations=5 (full 0):
 PSYoungGen      total 68608K, used 68576K [0x00000000d7280000, 0x00000000dba80000, 0x0000000100000000)
  eden space 63488K, 100% used [0x00000000d7280000,0x00000000db080000,0x00000000db080000)
  from space 5120K, 99% used [0x00000000db580000,0x00000000dba78040,0x00000000dba80000)
  to   space 5120K, 0% used [0x00000000db080000,0x00000000db080000,0x00000000db580000)
 ParOldGen       total 83456K, used 7900K [0x0000000085800000, 0x000000008a980000, 0x00000000d7280000)
  object space 83456K, 9% used [0x0000000085800000,0x0000000085fb7340,0x000000008a980000)
 PSPermGen       total 21504K, used 16061K [0x0000000080600000, 0x0000000081b00000, 0x0000000085800000)
  object space 21504K, 74% used [0x0000000080600000,0x00000000815af7c8,0x0000000081b00000)
Event: 2.716 GC heap after
Heap after GC invocations=5 (full 0):
 PSYoungGen      total 68608K, used 5088K [0x00000000d7280000, 0x00000000e0080000, 0x0000000100000000)
  eden space 63488K, 0% used [0x00000000d7280000,0x00000000d7280000,0x00000000db080000)
  from space 5120K, 99% used [0x00000000db080000,0x00000000db578020,0x00000000db580000)
  to   space 9216K, 0% used [0x00000000df780000,0x00000000df780000,0x00000000e0080000)
 ParOldGen       total 83456K, used 7964K [0x0000000085800000, 0x000000008a980000, 0x00000000d7280000)
  object space 83456K, 9% used [0x0000000085800000,0x0000000085fc7340,0x000000008a980000)
 PSPermGen       total 21504K, used 16061K [0x0000000080600000, 0x0000000081b00000, 0x0000000085800000)
  object space 21504K, 74% used [0x0000000080600000,0x00000000815af7c8,0x0000000081b00000)
}
Event: 3.301 GC heap before
{Heap before GC invocations=6 (full 0):
 PSYoungGen      total 68608K, used 68576K [0x00000000d7280000, 0x00000000e0080000, 0x0000000100000000)
  eden space 63488K, 100% used [0x00000000d7280000,0x00000000db080000,0x00000000db080000)
  from space 5120K, 99% used [0x00000000db080000,0x00000000db578020,0x00000000db580000)
  to   space 9216K, 0% used [0x00000000df780000,0x00000000df780000,0x00000000e0080000)
 ParOldGen       total 83456K, used 7964K [0x0000000085800000, 0x000000008a980000, 0x00000000d7280000)
  object space 83456K, 9% used [0x0000000085800000,0x0000000085fc7340,0x000000008a980000)
 PSPermGen       total 21504K, used 18952K [0x0000000080600000, 0x0000000081b00000, 0x0000000085800000)
  object space 21504K, 88% used [0x0000000080600000,0x0000000081882010,0x0000000081b00000)
Event: 3.310 GC heap after
Heap after GC invocations=6 (full 0):
 PSYoungGen      total 135680K, used 8335K [0x00000000d7280000, 0x00000000e0180000, 0x0000000100000000)
  eden space 126464K, 0% used [0x00000000d7280000,0x00000000d7280000,0x00000000dee00000)
  from space 9216K, 90% used [0x00000000df780000,0x00000000dffa3e10,0x00000000e0080000)
  to   space 9728K, 0% used [0x00000000dee00000,0x00000000dee00000,0x00000000df780000)
 ParOldGen       total 83456K, used 7972K [0x0000000085800000, 0x000000008a980000, 0x00000000d7280000)
  object space 83456K, 9% used [0x0000000085800000,0x0000000085fc9340,0x000000008a980000)
 PSPermGen       total 21504K, used 18952K [0x0000000080600000, 0x0000000081b00000, 0x0000000085800000)
  object space 21504K, 88% used [0x0000000080600000,0x0000000081882010,0x0000000081b00000)
}
Event: 796.410 GC heap before
{Heap before GC invocations=7 (full 0):
 PSYoungGen      total 135680K, used 134799K [0x00000000d7280000, 0x00000000e0180000, 0x0000000100000000)
  eden space 126464K, 100% used [0x00000000d7280000,0x00000000dee00000,0x00000000dee00000)
  from space 9216K, 90% used [0x00000000df780000,0x00000000dffa3e10,0x00000000e0080000)
  to   space 9728K, 0% used [0x00000000dee00000,0x00000000dee00000,0x00000000df780000)
 ParOldGen       total 83456K, used 7972K [0x0000000085800000, 0x000000008a980000, 0x00000000d7280000)
  object space 83456K, 9% used [0x0000000085800000,0x0000000085fc9340,0x000000008a980000)
 PSPermGen       total 32256K, used 31906K [0x0000000080600000, 0x0000000082580000, 0x0000000085800000)
  object space 32256K, 98% used [0x0000000080600000,0x0000000082528bd0,0x0000000082580000)

